#
# A fatal error has been detected by the Java Runtime Environment:
#
#  Internal Error (javaClasses.cpp:124), pid=3972, tid=2404
#  fatal error: Invalid layout of preloaded class
#
# JRE version:  (8.0_05-b13) (build )
# Java VM: Java HotSpot(TM) 64-Bit Server VM (25.5-b02 mixed mode windows-amd64 compressed oops)
# Failed to write core dump. Minidumps are not enabled by default on client versions of Windows
#
# If you would like to submit a bug report, please visit:
#   http://bugreport.sun.com/bugreport/crash.jsp
#

---------------  T H R E A D  ---------------

Current thread (0x000000000250e000):  JavaThread "Unknown thread" [_thread_in_vm, id=2404, stack(0x0000000002a30000,0x0000000002b30000)]

Stack: [0x0000000002a30000,0x0000000002b30000]
Native frames: (J=compiled Java code, j=interpreted, Vv=VM code, C=native code)
V  [jvm.dll+0x308dea]
V  [jvm.dll+0x25def1]
V  [jvm.dll+0x25eb0f]
V  [jvm.dll+0x256466]
V  [jvm.dll+0x5d33c]
V  [jvm.dll+0x5d433]
V  [jvm.dll+0x71d2a]
V  [jvm.dll+0x72088]
V  [jvm.dll+0xe1607]
V  [jvm.dll+0xe1996]
V  [jvm.dll+0x1f13e7]
V  [jvm.dll+0x2227c4]
V  [jvm.dll+0x149f71]
C  [javaw.exe+0x208a]
C  [javaw.exe+0xc9db]
C  [javaw.exe+0xca6f]
C  [kernel32.dll+0x1652d]
C  [ntdll.dll+0x2c541]


---------------  P R O C E S S  ---------------

Java Threads: ( => current thread )

Other Threads:

=>0x000000000250e000 (exited) JavaThread "Unknown thread" [_thread_in_vm, id=2404, stack(0x0000000002a30000,0x0000000002b30000)]

VM state:not at safepoint (not fully initialized)

VM Mutex/Monitor currently owned by a thread: None

GC Heap History (0 events):
No events

Deoptimization events (0 events):
No events

Internal exceptions (0 events):
No events

Events (10 events):
Event: 0.012 loading class java/lang/CharSequence done
Event: 0.012 loading class java/lang/String done
Event: 0.012 loading class java/lang/Class
Event: 0.012 loading class java/lang/reflect/AnnotatedElement
Event: 0.012 loading class java/lang/reflect/AnnotatedElement done
Event: 0.012 loading class java/lang/reflect/GenericDeclaration
Event: 0.012 loading class java/lang/reflect/GenericDeclaration done
Event: 0.012 loading class java/lang/reflect/Type
Event: 0.012 loading class java/lang/reflect/Type done
Event: 0.012 loading class java/lang/Class done


Dynamic libraries:
0x000000013f620000 - 0x000000013f654000 	C:\Program Files\Java\jre8\bin\javaw.exe
0x00000000772d0000 - 0x0000000077479000 	C:\Windows\SYSTEM32\ntdll.dll
0x00000000771b0000 - 0x00000000772cf000 	C:\Windows\system32\kernel32.dll
0x000007fefc290000 - 0x000007fefc2fb000 	C:\Windows\system32\KERNELBASE.dll
0x000007fefca40000 - 0x000007fefcb1b000 	C:\Windows\system32\ADVAPI32.dll
0x000007fefd3f0000 - 0x000007fefd48f000 	C:\Windows\system32\msvcrt.dll
0x000007fefe7d0000 - 0x000007fefe7ef000 	C:\Windows\SYSTEM32\sechost.dll
0x000007fefcc70000 - 0x000007fefcd9d000 	C:\Windows\system32\RPCRT4.dll
0x00000000770b0000 - 0x00000000771aa000 	C:\Windows\system32\USER32.dll
0x000007fefd0d0000 - 0x000007fefd137000 	C:\Windows\system32\GDI32.dll
0x000007fefcfb0000 - 0x000007fefcfbe000 	C:\Windows\system32\LPK.dll
0x000007fefcb20000 - 0x000007fefcbe9000 	C:\Windows\system32\USP10.dll
0x000007fefacc0000 - 0x000007fefaeb4000 	C:\Windows\WinSxS\amd64_microsoft.windows.common-controls_6595b64144ccf1df_6.0.7601.17514_none_fa396087175ac9ac\COMCTL32.dll
0x000007fefcbf0000 - 0x000007fefcc61000 	C:\Windows\system32\SHLWAPI.dll
0x000007fefd490000 - 0x000007fefd4be000 	C:\Windows\system32\IMM32.DLL
0x000007fefcfc0000 - 0x000007fefd0c9000 	C:\Windows\system32\MSCTF.dll
0x000007fefc070000 - 0x000007fefc0ac000 	C:\Windows\system32\nvinitx.dll
0x000000000f000000 - 0x000000000f006000 	C:\Program Files\NVIDIA Corporation\CoProcManager\_etoured.dll
0x000007fef8da0000 - 0x000007fef8de4000 	C:\Program Files\NVIDIA Corporation\CoProcManager\nvd3d9wrapx.dll
0x000007fefc720000 - 0x000007fefc8f7000 	C:\Windows\system32\SETUPAPI.dll
0x000007fefc490000 - 0x000007fefc4c6000 	C:\Windows\system32\CFGMGR32.dll
0x000007fefe500000 - 0x000007fefe5d7000 	C:\Windows\system32\OLEAUT32.dll
0x000007fefcda0000 - 0x000007fefcfa3000 	C:\Windows\system32\ole32.dll
0x000007fefc270000 - 0x000007fefc28a000 	C:\Windows\system32\DEVOBJ.dll
0x000007fef8d50000 - 0x000007fef8d92000 	C:\Program Files\NVIDIA Corporation\CoProcManager\nvdxgiwrapx.dll
0x000000006eed0000 - 0x000000006efa2000 	C:\Program Files\Java\jre8\bin\msvcr100.dll
0x000000006e6a0000 - 0x000000006eeca000 	C:\Program Files\Java\jre8\bin\server\jvm.dll
0x000007fef8cc0000 - 0x000007fef8cc9000 	C:\Windows\system32\WSOCK32.dll
0x000007fefe4b0000 - 0x000007fefe4fd000 	C:\Windows\system32\WS2_32.dll
0x000007fefe760000 - 0x000007fefe768000 	C:\Windows\system32\NSI.dll
0x000007fef9280000 - 0x000007fef92bb000 	C:\Windows\system32\WINMM.dll
0x00000000774a0000 - 0x00000000774a7000 	C:\Windows\system32\PSAPI.DLL
0x0000000070870000 - 0x000000007087f000 	C:\Program Files\Java\jre8\bin\verify.dll
0x0000000070840000 - 0x0000000070868000 	C:\Program Files\Java\jre8\bin\java.dll
0x000000006f070000 - 0x000000006f086000 	C:\Program Files\Java\jre8\bin\zip.dll
0x000007fef7ba0000 - 0x000007fef7cc5000 	C:\Windows\system32\dbghelp.dll

VM Arguments:
jvm_args: -Dfile.encoding=MS874 -Xbootclasspath:C:\android-sdk-windows\platforms\android-19\android.jar 
java_command: org.eclipse.jdt.internal.junit.runner.RemoteTestRunner -version 3 -port 49889 -testLoaderClass org.eclipse.jdt.internal.junit4.runner.JUnit4TestLoader -loaderpluginname org.eclipse.jdt.junit4.runtime -test com.libra.service.HelpPlaceServiceImplTest:testInsertHelpPlace
java_class_path (initial): C:\Users\Robot\workspace\EmergencyApp\bin\classes;C:\Users\Robot\workspace\EmergencyApp\libs\commons-codec-1.6.jar;C:\Users\Robot\workspace\EmergencyApp\libs\httpcore-4.3.2.jar;C:\Users\Robot\workspace\EmergencyApp\libs\httpclient-cache-4.3.4.jar;C:\Users\Robot\workspace\EmergencyApp\libs\fluent-hc-4.3.4.jar;C:\Users\Robot\workspace\EmergencyApp\libs\android-support-v4.jar;C:\Users\Robot\workspace\EmergencyApp\libs\commons-logging-1.1.3.jar;C:\Users\Robot\workspace\google-play-services_lib\libs\google-play-services.jar;C:\Users\Robot\workspace\EmergencyApp\libs\httpmime-4.3.4.jar;C:\Users\Robot\workspace\appcompat_v7_9\libs\android-support-v7-appcompat.jar;C:\Users\Robot\workspace\EmergencyApp\libs\httpclient-4.3.4.jar;C:\Users\Robot\workspace\google-play-services_lib\bin\google-play-services_lib.jar;C:\Users\Robot\workspace\lib\bin\lib.jar;C:\Users\Robot\workspace\appcompat_v7_9\bin\appcompat_v7_9.jar;C:\eclipse\plugins\org.junit_4.11.0.v201303080030\junit.jar;C:\eclipse\plugins\org.hamcrest.core_1.3.0.v201303031735.jar;/C:/eclipse/configuration/org.eclipse.osgi/bundles/361/1/.cp/;/C:/eclipse/configuration/org.eclipse.osgi/bundles/360/1/.cp/
Launcher Type: SUN_STANDARD

Environment Variables:
JAVA_HOME=C:\Program Files\Java\jdk1.7.0_55
PATH=C:\Windows\system32;C:\Windows;C:\Windows\System32\Wbem;C:\Windows\System32\WindowsPowerShell\v1.0\;C:\Program Files\Intel\WiFi\bin\;C:\Program Files\Common Files\Intel\WirelessCommon\;C:\Program Files\Java\jdk1.7.0_55\bin
USERNAME=Robot
OS=Windows_NT
PROCESSOR_IDENTIFIER=Intel64 Family 6 Model 42 Stepping 7, GenuineIntel



---------------  S Y S T E M  ---------------

OS: Windows 7 , 64 bit Build 7601 Service Pack 1

CPU:total 4 (2 cores per cpu, 2 threads per core) family 6 model 42 stepping 7, cmov, cx8, fxsr, mmx, sse, sse2, sse3, ssse3, sse4.1, sse4.2, popcnt, avx, clmul, ht, tsc, tscinvbit

Memory: 4k page, physical 4099244k(1146016k free), swap 8196624k(4309000k free)

vm_info: Java HotSpot(TM) 64-Bit Server VM (25.5-b02) for windows-amd64 JRE (1.8.0_05-b13), built on Mar 18 2014 01:08:39 by "java_re" with MS VC++ 10.0 (VS2010)

time: Mon Oct 20 15:55:05 2014
elapsed time: 0 seconds

