#
# A fatal error has been detected by the Java Runtime Environment:
#
#  Internal Error (javaClasses.cpp:124), pid=5988, tid=4960
#  fatal error: Invalid layout of preloaded class
#
# JRE version:  (8.0_05-b13) (build )
# Java VM: Java HotSpot(TM) 64-Bit Server VM (25.5-b02 mixed mode windows-amd64 compressed oops)
# Failed to write core dump. Minidumps are not enabled by default on client versions of Windows
#
# If you would like to submit a bug report, please visit:
#   http://bugreport.sun.com/bugreport/crash.jsp
#

---------------  T H R E A D  ---------------

Current thread (0x000000000231e000):  JavaThread "Unknown thread" [_thread_in_vm, id=4960, stack(0x0000000002600000,0x0000000002700000)]

Stack: [0x0000000002600000,0x0000000002700000]
Native frames: (J=compiled Java code, j=interpreted, Vv=VM code, C=native code)
V  [jvm.dll+0x308dea]
V  [jvm.dll+0x25def1]
V  [jvm.dll+0x25eb0f]
V  [jvm.dll+0x256466]
V  [jvm.dll+0x5d33c]
V  [jvm.dll+0x5d433]
V  [jvm.dll+0x71d2a]
V  [jvm.dll+0x72088]
V  [jvm.dll+0xe1607]
V  [jvm.dll+0xe1996]
V  [jvm.dll+0x1f13e7]
V  [jvm.dll+0x2227c4]
V  [jvm.dll+0x149f71]
C  [javaw.exe+0x208a]
C  [javaw.exe+0xc9db]
C  [javaw.exe+0xca6f]
C  [kernel32.dll+0x1652d]
C  [ntdll.dll+0x2c541]


---------------  P R O C E S S  ---------------

Java Threads: ( => current thread )

Other Threads:

=>0x000000000231e000 (exited) JavaThread "Unknown thread" [_thread_in_vm, id=4960, stack(0x0000000002600000,0x0000000002700000)]

VM state:not at safepoint (not fully initialized)

VM Mutex/Monitor currently owned by a thread: None

GC Heap History (0 events):
No events

Deoptimization events (0 events):
No events

Internal exceptions (0 events):
No events

Events (10 events):
Event: 0.012 loading class java/lang/CharSequence done
Event: 0.012 loading class java/lang/String done
Event: 0.012 loading class java/lang/Class
Event: 0.012 loading class java/lang/reflect/AnnotatedElement
Event: 0.012 loading class java/lang/reflect/AnnotatedElement done
Event: 0.012 loading class java/lang/reflect/GenericDeclaration
Event: 0.012 loading class java/lang/reflect/GenericDeclaration done
Event: 0.012 loading class java/lang/reflect/Type
Event: 0.012 loading class java/lang/reflect/Type done
Event: 0.013 loading class java/lang/Class done


Dynamic libraries:
0x000000013f5c0000 - 0x000000013f5f4000 	C:\Program Files\Java\jre8\bin\javaw.exe
0x0000000077890000 - 0x0000000077a39000 	C:\Windows\SYSTEM32\ntdll.dll
0x0000000077770000 - 0x000000007788f000 	C:\Windows\system32\kernel32.dll
0x000007fefc7d0000 - 0x000007fefc83b000 	C:\Windows\system32\KERNELBASE.dll
0x000007fefce20000 - 0x000007fefcefb000 	C:\Windows\system32\ADVAPI32.dll
0x000007fefcd30000 - 0x000007fefcdcf000 	C:\Windows\system32\msvcrt.dll
0x000007fefed90000 - 0x000007fefedaf000 	C:\Windows\SYSTEM32\sechost.dll
0x000007fefda50000 - 0x000007fefdb7d000 	C:\Windows\system32\RPCRT4.dll
0x0000000077670000 - 0x000000007776a000 	C:\Windows\system32\USER32.dll
0x000007fefcaa0000 - 0x000007fefcb07000 	C:\Windows\system32\GDI32.dll
0x000007fefed20000 - 0x000007fefed2e000 	C:\Windows\system32\LPK.dll
0x000007fefd7a0000 - 0x000007fefd869000 	C:\Windows\system32\USP10.dll
0x000007fefb0b0000 - 0x000007fefb2a4000 	C:\Windows\WinSxS\amd64_microsoft.windows.common-controls_6595b64144ccf1df_6.0.7601.17514_none_fa396087175ac9ac\COMCTL32.dll
0x000007fefea10000 - 0x000007fefea81000 	C:\Windows\system32\SHLWAPI.dll
0x000007fefd6f0000 - 0x000007fefd71e000 	C:\Windows\system32\IMM32.DLL
0x000007fefea90000 - 0x000007fefeb99000 	C:\Windows\system32\MSCTF.dll
0x000007fefc630000 - 0x000007fefc66c000 	C:\Windows\system32\nvinitx.dll
0x000000000f000000 - 0x000000000f006000 	C:\Program Files\NVIDIA Corporation\CoProcManager\_etoured.dll
0x000007fef9010000 - 0x000007fef9054000 	C:\Program Files\NVIDIA Corporation\CoProcManager\nvd3d9wrapx.dll
0x000007fefd870000 - 0x000007fefda47000 	C:\Windows\system32\SETUPAPI.dll
0x000007fefc880000 - 0x000007fefc8b6000 	C:\Windows\system32\CFGMGR32.dll
0x000007fefd4b0000 - 0x000007fefd587000 	C:\Windows\system32\OLEAUT32.dll
0x000007fefcb10000 - 0x000007fefcd13000 	C:\Windows\system32\ole32.dll
0x000007fefc860000 - 0x000007fefc87a000 	C:\Windows\system32\DEVOBJ.dll
0x000007fef8fc0000 - 0x000007fef9002000 	C:\Program Files\NVIDIA Corporation\CoProcManager\nvdxgiwrapx.dll
0x0000000064020000 - 0x00000000640f2000 	C:\Program Files\Java\jre8\bin\msvcr100.dll
0x00000000590c0000 - 0x00000000598ea000 	C:\Program Files\Java\jre8\bin\server\jvm.dll
0x000007fef9160000 - 0x000007fef9169000 	C:\Windows\system32\WSOCK32.dll
0x000007fefcdd0000 - 0x000007fefce1d000 	C:\Windows\system32\WS2_32.dll
0x000007fefcd20000 - 0x000007fefcd28000 	C:\Windows\system32\NSI.dll
0x000007fef9e20000 - 0x000007fef9e5b000 	C:\Windows\system32\WINMM.dll
0x0000000077a50000 - 0x0000000077a57000 	C:\Windows\system32\PSAPI.DLL
0x0000000064010000 - 0x000000006401f000 	C:\Program Files\Java\jre8\bin\verify.dll
0x0000000063fe0000 - 0x0000000064008000 	C:\Program Files\Java\jre8\bin\java.dll
0x0000000063fc0000 - 0x0000000063fd6000 	C:\Program Files\Java\jre8\bin\zip.dll
0x000007fef7b90000 - 0x000007fef7cb5000 	C:\Windows\system32\dbghelp.dll

VM Arguments:
jvm_args: -Dfile.encoding=MS874 -Xbootclasspath:C:\android-sdk-windows\platforms\android-19\android.jar 
java_command: org.eclipse.jdt.internal.junit.runner.RemoteTestRunner -version 3 -port 49533 -testLoaderClass org.eclipse.jdt.internal.junit4.runner.JUnit4TestLoader -loaderpluginname org.eclipse.jdt.junit4.runtime -classNames com.libra.service.HelpPlaceServiceImplTest
java_class_path (initial): C:\Users\Robot\workspace\EmergencyApp\bin\classes;C:\Users\Robot\workspace\EmergencyApp\libs\commons-codec-1.6.jar;C:\Users\Robot\workspace\EmergencyApp\libs\httpcore-4.3.2.jar;C:\Users\Robot\workspace\EmergencyApp\libs\httpclient-cache-4.3.4.jar;C:\Users\Robot\workspace\EmergencyApp\libs\fluent-hc-4.3.4.jar;C:\Users\Robot\workspace\EmergencyApp\libs\android-support-v4.jar;C:\Users\Robot\workspace\EmergencyApp\libs\commons-logging-1.1.3.jar;C:\Users\Robot\workspace\google-play-services_lib\libs\google-play-services.jar;C:\Users\Robot\workspace\EmergencyApp\libs\httpmime-4.3.4.jar;C:\Users\Robot\workspace\appcompat_v7_9\libs\android-support-v7-appcompat.jar;C:\Users\Robot\workspace\EmergencyApp\libs\httpclient-4.3.4.jar;C:\Users\Robot\workspace\google-play-services_lib\bin\google-play-services_lib.jar;C:\Users\Robot\workspace\lib\bin\lib.jar;C:\Users\Robot\workspace\appcompat_v7_9\bin\appcompat_v7_9.jar;C:\eclipse\plugins\org.junit_4.11.0.v201303080030\junit.jar;C:\eclipse\plugins\org.hamcrest.core_1.3.0.v201303031735.jar;C:\Users\Robot\Downloads\mockito-all-1.9.5.jar;/C:/eclipse/configuration/org.eclipse.osgi/bundles/361/1/.cp/;/C:/eclipse/configuration/org.eclipse.osgi/bundles/360/1/.cp/
Launcher Type: SUN_STANDARD

Environment Variables:
JAVA_HOME=C:\Program Files\Java\jdk1.7.0_55
PATH=C:\Windows\system32;C:\Windows;C:\Windows\System32\Wbem;C:\Windows\System32\WindowsPowerShell\v1.0\;C:\Program Files\Intel\WiFi\bin\;C:\Program Files\Common Files\Intel\WirelessCommon\;C:\Program Files\Java\jdk1.7.0_55\bin
USERNAME=Robot
OS=Windows_NT
PROCESSOR_IDENTIFIER=Intel64 Family 6 Model 42 Stepping 7, GenuineIntel



---------------  S Y S T E M  ---------------

OS: Windows 7 , 64 bit Build 7601 Service Pack 1

CPU:total 4 (2 cores per cpu, 2 threads per core) family 6 model 42 stepping 7, cmov, cx8, fxsr, mmx, sse, sse2, sse3, ssse3, sse4.1, sse4.2, popcnt, avx, clmul, ht, tsc, tscinvbit

Memory: 4k page, physical 4099244k(1112460k free), swap 8196624k(4381804k free)

vm_info: Java HotSpot(TM) 64-Bit Server VM (25.5-b02) for windows-amd64 JRE (1.8.0_05-b13), built on Mar 18 2014 01:08:39 by "java_re" with MS VC++ 10.0 (VS2010)

time: Mon Oct 27 15:52:30 2014
elapsed time: 0 seconds

